{"/home/alina/frontend-project-46/src/buildTree.js": {"path":"/home/alina/frontend-project-46/src/buildTree.js","all":false,"statementMap":{"0":{"start":{"line":1,"column":0},"end":{"line":1,"column":23}},"1":{"start":{"line":2,"column":0},"end":{"line":2,"column":0}},"2":{"start":{"line":3,"column":0},"end":{"line":3,"column":37}},"3":{"start":{"line":4,"column":0},"end":{"line":4,"column":61}},"4":{"start":{"line":5,"column":0},"end":{"line":5,"column":38}},"5":{"start":{"line":6,"column":0},"end":{"line":6,"column":28}},"6":{"start":{"line":7,"column":0},"end":{"line":7,"column":77}},"7":{"start":{"line":8,"column":0},"end":{"line":8,"column":79}},"8":{"start":{"line":9,"column":0},"end":{"line":9,"column":69}},"9":{"start":{"line":10,"column":0},"end":{"line":10,"column":57}},"10":{"start":{"line":11,"column":0},"end":{"line":11,"column":47}},"11":{"start":{"line":12,"column":0},"end":{"line":12,"column":5}},"12":{"start":{"line":13,"column":0},"end":{"line":13,"column":96}},"13":{"start":{"line":14,"column":0},"end":{"line":14,"column":12}},"14":{"start":{"line":15,"column":0},"end":{"line":15,"column":10}},"15":{"start":{"line":16,"column":0},"end":{"line":16,"column":27}},"16":{"start":{"line":17,"column":0},"end":{"line":17,"column":27}},"17":{"start":{"line":18,"column":0},"end":{"line":18,"column":22}},"18":{"start":{"line":19,"column":0},"end":{"line":19,"column":6}},"19":{"start":{"line":20,"column":0},"end":{"line":20,"column":5}},"20":{"start":{"line":21,"column":0},"end":{"line":21,"column":2}},"21":{"start":{"line":22,"column":0},"end":{"line":22,"column":0}},"22":{"start":{"line":23,"column":0},"end":{"line":23,"column":25}}},"s":{"0":1,"1":1,"2":1,"3":35,"4":35,"5":35,"6":126,"7":126,"8":126,"9":28,"10":28,"11":28,"12":126,"13":28,"14":28,"15":28,"16":28,"17":28,"18":28,"19":35,"20":35,"21":1,"22":1},"branchMap":{"0":{"type":"branch","line":3,"loc":{"start":{"line":3,"column":18},"end":{"line":21,"column":2}},"locations":[{"start":{"line":3,"column":18},"end":{"line":21,"column":2}}]},"1":{"type":"branch","line":6,"loc":{"start":{"line":6,"column":19},"end":{"line":20,"column":3}},"locations":[{"start":{"line":6,"column":19},"end":{"line":20,"column":3}}]},"2":{"type":"branch","line":7,"loc":{"start":{"line":7,"column":28},"end":{"line":7,"column":77}},"locations":[{"start":{"line":7,"column":28},"end":{"line":7,"column":77}}]},"3":{"type":"branch","line":7,"loc":{"start":{"line":7,"column":76},"end":{"line":8,"column":28}},"locations":[{"start":{"line":7,"column":76},"end":{"line":8,"column":28}}]},"4":{"type":"branch","line":8,"loc":{"start":{"line":8,"column":28},"end":{"line":8,"column":79}},"locations":[{"start":{"line":8,"column":28},"end":{"line":8,"column":79}}]},"5":{"type":"branch","line":8,"loc":{"start":{"line":8,"column":78},"end":{"line":9,"column":39}},"locations":[{"start":{"line":8,"column":78},"end":{"line":9,"column":39}}]},"6":{"type":"branch","line":9,"loc":{"start":{"line":9,"column":35},"end":{"line":9,"column":66}},"locations":[{"start":{"line":9,"column":35},"end":{"line":9,"column":66}}]},"7":{"type":"branch","line":9,"loc":{"start":{"line":9,"column":68},"end":{"line":12,"column":5}},"locations":[{"start":{"line":9,"column":68},"end":{"line":12,"column":5}}]},"8":{"type":"branch","line":12,"loc":{"start":{"line":12,"column":4},"end":{"line":13,"column":43}},"locations":[{"start":{"line":12,"column":4},"end":{"line":13,"column":43}}]},"9":{"type":"branch","line":13,"loc":{"start":{"line":13,"column":43},"end":{"line":13,"column":96}},"locations":[{"start":{"line":13,"column":43},"end":{"line":13,"column":96}}]},"10":{"type":"branch","line":13,"loc":{"start":{"line":13,"column":95},"end":{"line":20,"column":3}},"locations":[{"start":{"line":13,"column":95},"end":{"line":20,"column":3}}]}},"b":{"0":[35],"1":[126],"2":[35],"3":[91],"4":[14],"5":[77],"6":[35],"7":[28],"8":[49],"9":[21],"10":[28]},"fnMap":{"0":{"name":"buildTree","decl":{"start":{"line":3,"column":18},"end":{"line":21,"column":2}},"loc":{"start":{"line":3,"column":18},"end":{"line":21,"column":2}},"line":3}},"f":{"0":35}}
,"/home/alina/frontend-project-46/src/findFile.js": {"path":"/home/alina/frontend-project-46/src/findFile.js","all":false,"statementMap":{"0":{"start":{"line":1,"column":0},"end":{"line":1,"column":20}},"1":{"start":{"line":2,"column":0},"end":{"line":2,"column":24}},"2":{"start":{"line":3,"column":0},"end":{"line":3,"column":0}},"3":{"start":{"line":4,"column":0},"end":{"line":4,"column":41}},"4":{"start":{"line":5,"column":0},"end":{"line":5,"column":19}},"5":{"start":{"line":6,"column":0},"end":{"line":6,"column":0}},"6":{"start":{"line":7,"column":0},"end":{"line":7,"column":24}},"7":{"start":{"line":8,"column":0},"end":{"line":8,"column":38}},"8":{"start":{"line":9,"column":0},"end":{"line":9,"column":0}},"9":{"start":{"line":10,"column":0},"end":{"line":10,"column":31}},"10":{"start":{"line":11,"column":0},"end":{"line":11,"column":44}},"11":{"start":{"line":12,"column":0},"end":{"line":12,"column":41}},"12":{"start":{"line":13,"column":0},"end":{"line":13,"column":0}},"13":{"start":{"line":14,"column":0},"end":{"line":14,"column":39}},"14":{"start":{"line":15,"column":0},"end":{"line":15,"column":25}},"15":{"start":{"line":16,"column":0},"end":{"line":16,"column":37}},"16":{"start":{"line":17,"column":0},"end":{"line":17,"column":31}},"17":{"start":{"line":18,"column":0},"end":{"line":18,"column":7}},"18":{"start":{"line":19,"column":0},"end":{"line":19,"column":5}},"19":{"start":{"line":20,"column":0},"end":{"line":20,"column":3}},"20":{"start":{"line":21,"column":0},"end":{"line":21,"column":0}},"21":{"start":{"line":22,"column":0},"end":{"line":22,"column":21}},"22":{"start":{"line":23,"column":0},"end":{"line":23,"column":0}},"23":{"start":{"line":24,"column":0},"end":{"line":24,"column":20}},"24":{"start":{"line":25,"column":0},"end":{"line":25,"column":1}},"25":{"start":{"line":26,"column":0},"end":{"line":26,"column":0}},"26":{"start":{"line":27,"column":0},"end":{"line":27,"column":24}}},"s":{"0":1,"1":1,"2":1,"3":14,"4":14,"5":14,"6":14,"7":19894,"8":19894,"9":19894,"10":168742,"11":168742,"12":168742,"13":168742,"14":19880,"15":168742,"16":14,"17":14,"18":168742,"19":19894,"20":14,"21":14,"22":14,"23":14,"24":14,"25":1,"26":1},"branchMap":{"0":{"type":"branch","line":4,"loc":{"start":{"line":4,"column":0},"end":{"line":25,"column":1}},"locations":[{"start":{"line":4,"column":0},"end":{"line":25,"column":1}}]},"1":{"type":"branch","line":7,"loc":{"start":{"line":7,"column":2},"end":{"line":20,"column":3}},"locations":[{"start":{"line":7,"column":2},"end":{"line":20,"column":3}}]},"2":{"type":"branch","line":10,"loc":{"start":{"line":10,"column":30},"end":{"line":19,"column":5}},"locations":[{"start":{"line":10,"column":30},"end":{"line":19,"column":5}}]},"3":{"type":"branch","line":14,"loc":{"start":{"line":14,"column":38},"end":{"line":16,"column":7}},"locations":[{"start":{"line":14,"column":38},"end":{"line":16,"column":7}}]},"4":{"type":"branch","line":16,"loc":{"start":{"line":16,"column":7},"end":{"line":18,"column":7}},"locations":[{"start":{"line":16,"column":7},"end":{"line":18,"column":7}}]},"5":{"type":"branch","line":16,"loc":{"start":{"line":16,"column":36},"end":{"line":18,"column":7}},"locations":[{"start":{"line":16,"column":36},"end":{"line":18,"column":7}}]}},"b":{"0":[14],"1":[19894],"2":[168742],"3":[19880],"4":[148862],"5":[14]},"fnMap":{"0":{"name":"findFile","decl":{"start":{"line":4,"column":0},"end":{"line":25,"column":1}},"loc":{"start":{"line":4,"column":0},"end":{"line":25,"column":1}},"line":4},"1":{"name":"search","decl":{"start":{"line":7,"column":2},"end":{"line":20,"column":3}},"loc":{"start":{"line":7,"column":2},"end":{"line":20,"column":3}},"line":7}},"f":{"0":14,"1":19894}}
,"/home/alina/frontend-project-46/src/index.js": {"path":"/home/alina/frontend-project-46/src/index.js","all":false,"statementMap":{"0":{"start":{"line":1,"column":0},"end":{"line":1,"column":34}},"1":{"start":{"line":2,"column":0},"end":{"line":2,"column":24}},"2":{"start":{"line":3,"column":0},"end":{"line":3,"column":30}},"3":{"start":{"line":4,"column":0},"end":{"line":4,"column":39}},"4":{"start":{"line":5,"column":0},"end":{"line":5,"column":33}},"5":{"start":{"line":6,"column":0},"end":{"line":6,"column":50}},"6":{"start":{"line":7,"column":0},"end":{"line":7,"column":37}},"7":{"start":{"line":8,"column":0},"end":{"line":8,"column":0}},"8":{"start":{"line":9,"column":0},"end":{"line":9,"column":0}},"9":{"start":{"line":10,"column":0},"end":{"line":10,"column":51}},"10":{"start":{"line":11,"column":0},"end":{"line":11,"column":57}},"11":{"start":{"line":12,"column":0},"end":{"line":12,"column":57}},"12":{"start":{"line":13,"column":0},"end":{"line":13,"column":0}},"13":{"start":{"line":14,"column":0},"end":{"line":14,"column":74}},"14":{"start":{"line":15,"column":0},"end":{"line":15,"column":74}},"15":{"start":{"line":16,"column":0},"end":{"line":16,"column":0}},"16":{"start":{"line":17,"column":0},"end":{"line":17,"column":52}},"17":{"start":{"line":18,"column":0},"end":{"line":18,"column":2}},"18":{"start":{"line":19,"column":0},"end":{"line":19,"column":0}},"19":{"start":{"line":20,"column":0},"end":{"line":20,"column":23}}},"s":{"0":1,"1":1,"2":1,"3":1,"4":1,"5":1,"6":1,"7":1,"8":1,"9":1,"10":7,"11":7,"12":7,"13":7,"14":7,"15":7,"16":7,"17":7,"18":1,"19":1},"branchMap":{"0":{"type":"branch","line":10,"loc":{"start":{"line":10,"column":16},"end":{"line":18,"column":2}},"locations":[{"start":{"line":10,"column":16},"end":{"line":18,"column":2}}]}},"b":{"0":[7]},"fnMap":{"0":{"name":"genDiff","decl":{"start":{"line":10,"column":16},"end":{"line":18,"column":2}},"loc":{"start":{"line":10,"column":16},"end":{"line":18,"column":2}},"line":10}},"f":{"0":7}}
,"/home/alina/frontend-project-46/src/parsers.js": {"path":"/home/alina/frontend-project-46/src/parsers.js","all":false,"statementMap":{"0":{"start":{"line":1,"column":0},"end":{"line":1,"column":27}},"1":{"start":{"line":2,"column":0},"end":{"line":2,"column":0}},"2":{"start":{"line":3,"column":0},"end":{"line":3,"column":33}},"3":{"start":{"line":4,"column":0},"end":{"line":4,"column":19}},"4":{"start":{"line":5,"column":0},"end":{"line":5,"column":17}},"5":{"start":{"line":6,"column":0},"end":{"line":6,"column":30}},"6":{"start":{"line":7,"column":0},"end":{"line":7,"column":16}},"7":{"start":{"line":8,"column":0},"end":{"line":8,"column":17}},"8":{"start":{"line":9,"column":0},"end":{"line":9,"column":29}},"9":{"start":{"line":10,"column":0},"end":{"line":10,"column":12}},"10":{"start":{"line":11,"column":0},"end":{"line":11,"column":51}},"11":{"start":{"line":12,"column":0},"end":{"line":12,"column":3}},"12":{"start":{"line":13,"column":0},"end":{"line":13,"column":2}},"13":{"start":{"line":14,"column":0},"end":{"line":14,"column":0}},"14":{"start":{"line":15,"column":0},"end":{"line":15,"column":21}}},"s":{"0":1,"1":1,"2":1,"3":14,"4":14,"5":8,"6":14,"7":14,"8":6,"9":14,"10":0,"11":14,"12":14,"13":1,"14":1},"branchMap":{"0":{"type":"branch","line":3,"loc":{"start":{"line":3,"column":14},"end":{"line":13,"column":2}},"locations":[{"start":{"line":3,"column":14},"end":{"line":13,"column":2}}]},"1":{"type":"branch","line":5,"loc":{"start":{"line":5,"column":4},"end":{"line":6,"column":30}},"locations":[{"start":{"line":5,"column":4},"end":{"line":6,"column":30}}]},"2":{"type":"branch","line":7,"loc":{"start":{"line":7,"column":4},"end":{"line":7,"column":16}},"locations":[{"start":{"line":7,"column":4},"end":{"line":7,"column":16}}]},"3":{"type":"branch","line":8,"loc":{"start":{"line":8,"column":4},"end":{"line":9,"column":29}},"locations":[{"start":{"line":8,"column":4},"end":{"line":9,"column":29}}]},"4":{"type":"branch","line":10,"loc":{"start":{"line":10,"column":4},"end":{"line":11,"column":51}},"locations":[{"start":{"line":10,"column":4},"end":{"line":11,"column":51}}]}},"b":{"0":[14],"1":[8],"2":[6],"3":[6],"4":[0]},"fnMap":{"0":{"name":"parse","decl":{"start":{"line":3,"column":14},"end":{"line":13,"column":2}},"loc":{"start":{"line":3,"column":14},"end":{"line":13,"column":2}},"line":3}},"f":{"0":14}}
,"/home/alina/frontend-project-46/src/formaters/formatters.js": {"path":"/home/alina/frontend-project-46/src/formaters/formatters.js","all":false,"statementMap":{"0":{"start":{"line":1,"column":0},"end":{"line":1,"column":35}},"1":{"start":{"line":2,"column":0},"end":{"line":2,"column":31}},"2":{"start":{"line":3,"column":0},"end":{"line":3,"column":29}},"3":{"start":{"line":4,"column":0},"end":{"line":4,"column":0}},"4":{"start":{"line":5,"column":0},"end":{"line":5,"column":49}},"5":{"start":{"line":6,"column":0},"end":{"line":6,"column":19}},"6":{"start":{"line":7,"column":0},"end":{"line":7,"column":19}},"7":{"start":{"line":8,"column":0},"end":{"line":8,"column":27}},"8":{"start":{"line":9,"column":0},"end":{"line":9,"column":17}},"9":{"start":{"line":10,"column":0},"end":{"line":10,"column":25}},"10":{"start":{"line":11,"column":0},"end":{"line":11,"column":16}},"11":{"start":{"line":12,"column":0},"end":{"line":12,"column":24}},"12":{"start":{"line":13,"column":0},"end":{"line":13,"column":14}},"13":{"start":{"line":14,"column":0},"end":{"line":14,"column":51}},"14":{"start":{"line":15,"column":0},"end":{"line":15,"column":5}},"15":{"start":{"line":16,"column":0},"end":{"line":16,"column":3}},"16":{"start":{"line":17,"column":0},"end":{"line":17,"column":2}},"17":{"start":{"line":18,"column":0},"end":{"line":18,"column":0}},"18":{"start":{"line":19,"column":0},"end":{"line":19,"column":25}}},"s":{"0":1,"1":1,"2":1,"3":1,"4":1,"5":7,"6":7,"7":4,"8":7,"9":2,"10":7,"11":1,"12":7,"13":0,"14":0,"15":7,"16":7,"17":1,"18":1},"branchMap":{"0":{"type":"branch","line":5,"loc":{"start":{"line":5,"column":18},"end":{"line":17,"column":2}},"locations":[{"start":{"line":5,"column":18},"end":{"line":17,"column":2}}]},"1":{"type":"branch","line":7,"loc":{"start":{"line":7,"column":4},"end":{"line":8,"column":27}},"locations":[{"start":{"line":7,"column":4},"end":{"line":8,"column":27}}]},"2":{"type":"branch","line":9,"loc":{"start":{"line":9,"column":4},"end":{"line":10,"column":25}},"locations":[{"start":{"line":9,"column":4},"end":{"line":10,"column":25}}]},"3":{"type":"branch","line":11,"loc":{"start":{"line":11,"column":4},"end":{"line":12,"column":24}},"locations":[{"start":{"line":11,"column":4},"end":{"line":12,"column":24}}]},"4":{"type":"branch","line":13,"loc":{"start":{"line":13,"column":4},"end":{"line":15,"column":5}},"locations":[{"start":{"line":13,"column":4},"end":{"line":15,"column":5}}]}},"b":{"0":[7],"1":[4],"2":[2],"3":[1],"4":[0]},"fnMap":{"0":{"name":"formatter","decl":{"start":{"line":5,"column":18},"end":{"line":17,"column":2}},"loc":{"start":{"line":5,"column":18},"end":{"line":17,"column":2}},"line":5}},"f":{"0":7}}
,"/home/alina/frontend-project-46/src/formaters/json.js": {"path":"/home/alina/frontend-project-46/src/formaters/json.js","all":false,"statementMap":{"0":{"start":{"line":1,"column":0},"end":{"line":1,"column":51}},"1":{"start":{"line":2,"column":0},"end":{"line":2,"column":0}},"2":{"start":{"line":3,"column":0},"end":{"line":3,"column":20}}},"s":{"0":1,"1":1,"2":1},"branchMap":{"0":{"type":"branch","line":1,"loc":{"start":{"line":1,"column":14},"end":{"line":1,"column":50}},"locations":[{"start":{"line":1,"column":14},"end":{"line":1,"column":50}}]}},"b":{"0":[1]},"fnMap":{"0":{"name":"json","decl":{"start":{"line":1,"column":14},"end":{"line":1,"column":50}},"loc":{"start":{"line":1,"column":14},"end":{"line":1,"column":50}},"line":1}},"f":{"0":1}}
,"/home/alina/frontend-project-46/src/formaters/plain.js": {"path":"/home/alina/frontend-project-46/src/formaters/plain.js","all":false,"statementMap":{"0":{"start":{"line":1,"column":0},"end":{"line":1,"column":23}},"1":{"start":{"line":2,"column":0},"end":{"line":2,"column":0}},"2":{"start":{"line":3,"column":0},"end":{"line":3,"column":30}},"3":{"start":{"line":4,"column":0},"end":{"line":4,"column":50}},"4":{"start":{"line":5,"column":0},"end":{"line":5,"column":45}},"5":{"start":{"line":6,"column":0},"end":{"line":6,"column":15}},"6":{"start":{"line":7,"column":0},"end":{"line":7,"column":2}},"7":{"start":{"line":8,"column":0},"end":{"line":8,"column":0}},"8":{"start":{"line":9,"column":0},"end":{"line":9,"column":36}},"9":{"start":{"line":10,"column":0},"end":{"line":10,"column":37}},"10":{"start":{"line":11,"column":0},"end":{"line":11,"column":64}},"11":{"start":{"line":12,"column":0},"end":{"line":12,"column":0}},"12":{"start":{"line":13,"column":0},"end":{"line":13,"column":24}},"13":{"start":{"line":14,"column":0},"end":{"line":14,"column":20}},"14":{"start":{"line":15,"column":0},"end":{"line":15,"column":46}},"15":{"start":{"line":16,"column":0},"end":{"line":16,"column":19}},"16":{"start":{"line":17,"column":0},"end":{"line":17,"column":87}},"17":{"start":{"line":18,"column":0},"end":{"line":18,"column":21}},"18":{"start":{"line":19,"column":0},"end":{"line":19,"column":52}},"19":{"start":{"line":20,"column":0},"end":{"line":20,"column":21}},"20":{"start":{"line":21,"column":0},"end":{"line":21,"column":117}},"21":{"start":{"line":22,"column":0},"end":{"line":22,"column":14}},"22":{"start":{"line":23,"column":0},"end":{"line":23,"column":18}},"23":{"start":{"line":24,"column":0},"end":{"line":24,"column":5}},"24":{"start":{"line":25,"column":0},"end":{"line":25,"column":5}},"25":{"start":{"line":26,"column":0},"end":{"line":26,"column":50}},"26":{"start":{"line":27,"column":0},"end":{"line":27,"column":2}},"27":{"start":{"line":28,"column":0},"end":{"line":28,"column":0}},"28":{"start":{"line":29,"column":0},"end":{"line":29,"column":21}}},"s":{"0":1,"1":1,"2":1,"3":26,"4":26,"5":6,"6":6,"7":1,"8":1,"9":10,"10":36,"11":36,"12":36,"13":36,"14":8,"15":36,"16":10,"17":36,"18":4,"19":36,"20":8,"21":36,"22":6,"23":36,"24":10,"25":10,"26":10,"27":1,"28":1},"branchMap":{"0":{"type":"branch","line":3,"loc":{"start":{"line":3,"column":19},"end":{"line":7,"column":2}},"locations":[{"start":{"line":3,"column":19},"end":{"line":7,"column":2}}]},"1":{"type":"branch","line":4,"loc":{"start":{"line":4,"column":25},"end":{"line":4,"column":50}},"locations":[{"start":{"line":4,"column":25},"end":{"line":4,"column":50}}]},"2":{"type":"branch","line":4,"loc":{"start":{"line":4,"column":49},"end":{"line":5,"column":25}},"locations":[{"start":{"line":4,"column":49},"end":{"line":5,"column":25}}]},"3":{"type":"branch","line":5,"loc":{"start":{"line":5,"column":25},"end":{"line":5,"column":45}},"locations":[{"start":{"line":5,"column":25},"end":{"line":5,"column":45}}]},"4":{"type":"branch","line":5,"loc":{"start":{"line":5,"column":44},"end":{"line":7,"column":2}},"locations":[{"start":{"line":5,"column":44},"end":{"line":7,"column":2}}]},"5":{"type":"branch","line":9,"loc":{"start":{"line":9,"column":14},"end":{"line":27,"column":2}},"locations":[{"start":{"line":9,"column":14},"end":{"line":27,"column":2}}]},"6":{"type":"branch","line":10,"loc":{"start":{"line":10,"column":27},"end":{"line":25,"column":3}},"locations":[{"start":{"line":10,"column":27},"end":{"line":25,"column":3}}]},"7":{"type":"branch","line":14,"loc":{"start":{"line":14,"column":6},"end":{"line":15,"column":46}},"locations":[{"start":{"line":14,"column":6},"end":{"line":15,"column":46}}]},"8":{"type":"branch","line":16,"loc":{"start":{"line":16,"column":6},"end":{"line":17,"column":87}},"locations":[{"start":{"line":16,"column":6},"end":{"line":17,"column":87}}]},"9":{"type":"branch","line":18,"loc":{"start":{"line":18,"column":6},"end":{"line":19,"column":52}},"locations":[{"start":{"line":18,"column":6},"end":{"line":19,"column":52}}]},"10":{"type":"branch","line":20,"loc":{"start":{"line":20,"column":6},"end":{"line":21,"column":117}},"locations":[{"start":{"line":20,"column":6},"end":{"line":21,"column":117}}]},"11":{"type":"branch","line":22,"loc":{"start":{"line":22,"column":6},"end":{"line":23,"column":18}},"locations":[{"start":{"line":22,"column":6},"end":{"line":23,"column":18}}]}},"b":{"0":[26],"1":[6],"2":[20],"3":[14],"4":[6],"5":[10],"6":[36],"7":[8],"8":[10],"9":[4],"10":[8],"11":[6]},"fnMap":{"0":{"name":"stringify","decl":{"start":{"line":3,"column":19},"end":{"line":7,"column":2}},"loc":{"start":{"line":3,"column":19},"end":{"line":7,"column":2}},"line":3},"1":{"name":"plain","decl":{"start":{"line":9,"column":14},"end":{"line":27,"column":2}},"loc":{"start":{"line":9,"column":14},"end":{"line":27,"column":2}},"line":9}},"f":{"0":26,"1":10}}
,"/home/alina/frontend-project-46/src/formaters/stylish.js": {"path":"/home/alina/frontend-project-46/src/formaters/stylish.js","all":false,"statementMap":{"0":{"start":{"line":1,"column":0},"end":{"line":1,"column":23}},"1":{"start":{"line":2,"column":0},"end":{"line":2,"column":0}},"2":{"start":{"line":3,"column":0},"end":{"line":3,"column":28}},"3":{"start":{"line":4,"column":0},"end":{"line":4,"column":27}},"4":{"start":{"line":5,"column":0},"end":{"line":5,"column":20}},"5":{"start":{"line":6,"column":0},"end":{"line":6,"column":25}},"6":{"start":{"line":7,"column":0},"end":{"line":7,"column":48}},"7":{"start":{"line":8,"column":0},"end":{"line":8,"column":2}},"8":{"start":{"line":9,"column":0},"end":{"line":9,"column":0}},"9":{"start":{"line":10,"column":0},"end":{"line":10,"column":36}},"10":{"start":{"line":11,"column":0},"end":{"line":11,"column":42}},"11":{"start":{"line":12,"column":0},"end":{"line":12,"column":0}},"12":{"start":{"line":13,"column":0},"end":{"line":13,"column":39}},"13":{"start":{"line":14,"column":0},"end":{"line":14,"column":112}},"14":{"start":{"line":15,"column":0},"end":{"line":15,"column":69}},"15":{"start":{"line":16,"column":0},"end":{"line":16,"column":16}},"16":{"start":{"line":17,"column":0},"end":{"line":17,"column":2}},"17":{"start":{"line":18,"column":0},"end":{"line":18,"column":0}},"18":{"start":{"line":19,"column":0},"end":{"line":19,"column":36}},"19":{"start":{"line":20,"column":0},"end":{"line":20,"column":38}},"20":{"start":{"line":21,"column":0},"end":{"line":21,"column":24}},"21":{"start":{"line":22,"column":0},"end":{"line":22,"column":19}},"22":{"start":{"line":23,"column":0},"end":{"line":23,"column":81}},"23":{"start":{"line":24,"column":0},"end":{"line":24,"column":0}},"24":{"start":{"line":25,"column":0},"end":{"line":25,"column":21}},"25":{"start":{"line":26,"column":0},"end":{"line":26,"column":81}},"26":{"start":{"line":27,"column":0},"end":{"line":27,"column":0}},"27":{"start":{"line":28,"column":0},"end":{"line":28,"column":20}},"28":{"start":{"line":29,"column":0},"end":{"line":29,"column":119}},"29":{"start":{"line":30,"column":0},"end":{"line":30,"column":0}},"30":{"start":{"line":31,"column":0},"end":{"line":31,"column":23}},"31":{"start":{"line":32,"column":0},"end":{"line":32,"column":81}},"32":{"start":{"line":33,"column":0},"end":{"line":33,"column":0}},"33":{"start":{"line":34,"column":0},"end":{"line":34,"column":23}},"34":{"start":{"line":35,"column":0},"end":{"line":35,"column":99}},"35":{"start":{"line":36,"column":0},"end":{"line":36,"column":97}},"36":{"start":{"line":37,"column":0},"end":{"line":37,"column":50}},"37":{"start":{"line":38,"column":0},"end":{"line":38,"column":7}},"38":{"start":{"line":39,"column":0},"end":{"line":39,"column":16}},"39":{"start":{"line":40,"column":0},"end":{"line":40,"column":40}},"40":{"start":{"line":41,"column":0},"end":{"line":41,"column":7}},"41":{"start":{"line":42,"column":0},"end":{"line":42,"column":5}},"42":{"start":{"line":43,"column":0},"end":{"line":43,"column":5}},"43":{"start":{"line":44,"column":0},"end":{"line":44,"column":16}},"44":{"start":{"line":45,"column":0},"end":{"line":45,"column":2}},"45":{"start":{"line":46,"column":0},"end":{"line":46,"column":0}},"46":{"start":{"line":47,"column":0},"end":{"line":47,"column":81}},"47":{"start":{"line":48,"column":0},"end":{"line":48,"column":0}},"48":{"start":{"line":49,"column":0},"end":{"line":49,"column":23}}},"s":{"0":1,"1":1,"2":1,"3":168,"4":168,"5":168,"6":168,"7":168,"8":1,"9":1,"10":108,"11":28,"12":28,"13":28,"14":28,"15":28,"16":28,"17":1,"18":1,"19":20,"20":72,"21":72,"22":20,"23":72,"24":72,"25":8,"26":72,"27":72,"28":16,"29":72,"30":72,"31":12,"32":72,"33":72,"34":16,"35":16,"36":16,"37":16,"38":72,"39":0,"40":0,"41":72,"42":20,"43":20,"44":20,"45":1,"46":1,"47":1,"48":1},"branchMap":{"0":{"type":"branch","line":3,"loc":{"start":{"line":3,"column":17},"end":{"line":8,"column":2}},"locations":[{"start":{"line":3,"column":17},"end":{"line":8,"column":2}}]},"1":{"type":"branch","line":4,"loc":{"start":{"line":4,"column":17},"end":{"line":4,"column":27}},"locations":[{"start":{"line":4,"column":17},"end":{"line":4,"column":27}}]},"2":{"type":"branch","line":10,"loc":{"start":{"line":10,"column":18},"end":{"line":17,"column":2}},"locations":[{"start":{"line":10,"column":18},"end":{"line":17,"column":2}}]},"3":{"type":"branch","line":11,"loc":{"start":{"line":11,"column":25},"end":{"line":11,"column":42}},"locations":[{"start":{"line":11,"column":25},"end":{"line":11,"column":42}}]},"4":{"type":"branch","line":11,"loc":{"start":{"line":11,"column":41},"end":{"line":17,"column":2}},"locations":[{"start":{"line":11,"column":41},"end":{"line":17,"column":2}}]},"5":{"type":"branch","line":14,"loc":{"start":{"line":14,"column":29},"end":{"line":14,"column":110}},"locations":[{"start":{"line":14,"column":29},"end":{"line":14,"column":110}}]},"6":{"type":"branch","line":19,"loc":{"start":{"line":19,"column":13},"end":{"line":45,"column":2}},"locations":[{"start":{"line":19,"column":13},"end":{"line":45,"column":2}}]},"7":{"type":"branch","line":20,"loc":{"start":{"line":20,"column":28},"end":{"line":43,"column":3}},"locations":[{"start":{"line":20,"column":28},"end":{"line":43,"column":3}}]},"8":{"type":"branch","line":22,"loc":{"start":{"line":22,"column":6},"end":{"line":23,"column":81}},"locations":[{"start":{"line":22,"column":6},"end":{"line":23,"column":81}}]},"9":{"type":"branch","line":25,"loc":{"start":{"line":25,"column":6},"end":{"line":26,"column":81}},"locations":[{"start":{"line":25,"column":6},"end":{"line":26,"column":81}}]},"10":{"type":"branch","line":28,"loc":{"start":{"line":28,"column":6},"end":{"line":29,"column":119}},"locations":[{"start":{"line":28,"column":6},"end":{"line":29,"column":119}}]},"11":{"type":"branch","line":31,"loc":{"start":{"line":31,"column":6},"end":{"line":32,"column":81}},"locations":[{"start":{"line":31,"column":6},"end":{"line":32,"column":81}}]},"12":{"type":"branch","line":34,"loc":{"start":{"line":34,"column":6},"end":{"line":38,"column":7}},"locations":[{"start":{"line":34,"column":6},"end":{"line":38,"column":7}}]},"13":{"type":"branch","line":39,"loc":{"start":{"line":39,"column":6},"end":{"line":41,"column":7}},"locations":[{"start":{"line":39,"column":6},"end":{"line":41,"column":7}}]},"14":{"type":"branch","line":47,"loc":{"start":{"line":47,"column":16},"end":{"line":47,"column":80}},"locations":[{"start":{"line":47,"column":16},"end":{"line":47,"column":80}}]}},"b":{"0":[168],"1":[0],"2":[108],"3":[80],"4":[28],"5":[36],"6":[20],"7":[72],"8":[20],"9":[8],"10":[16],"11":[12],"12":[16],"13":[0],"14":[4]},"fnMap":{"0":{"name":"indents","decl":{"start":{"line":3,"column":17},"end":{"line":8,"column":2}},"loc":{"start":{"line":3,"column":17},"end":{"line":8,"column":2}},"line":3},"1":{"name":"stringify","decl":{"start":{"line":10,"column":18},"end":{"line":17,"column":2}},"loc":{"start":{"line":10,"column":18},"end":{"line":17,"column":2}},"line":10},"2":{"name":"iter","decl":{"start":{"line":19,"column":13},"end":{"line":45,"column":2}},"loc":{"start":{"line":19,"column":13},"end":{"line":45,"column":2}},"line":19},"3":{"name":"stylish","decl":{"start":{"line":47,"column":16},"end":{"line":47,"column":80}},"loc":{"start":{"line":47,"column":16},"end":{"line":47,"column":80}},"line":47}},"f":{"0":168,"1":108,"2":20,"3":4}}
}
