TN:
SF:src/buildTree.js
FN:3,buildTree
FNF:1
FNH:1
FNDA:35,buildTree
DA:1,1
DA:2,1
DA:3,1
DA:4,35
DA:5,35
DA:6,35
DA:7,126
DA:8,126
DA:9,126
DA:10,28
DA:11,28
DA:12,28
DA:13,126
DA:14,28
DA:15,28
DA:16,28
DA:17,28
DA:18,28
DA:19,28
DA:20,35
DA:21,35
DA:22,1
DA:23,1
LF:23
LH:23
BRDA:3,0,0,35
BRDA:6,1,0,126
BRDA:7,2,0,35
BRDA:7,3,0,91
BRDA:8,4,0,14
BRDA:8,5,0,77
BRDA:9,6,0,35
BRDA:9,7,0,28
BRDA:12,8,0,49
BRDA:13,9,0,21
BRDA:13,10,0,28
BRF:11
BRH:11
end_of_record
TN:
SF:src/findFile.js
FN:4,findFile
FN:7,search
FNF:2
FNH:2
FNDA:14,findFile
FNDA:19894,search
DA:1,1
DA:2,1
DA:3,1
DA:4,14
DA:5,14
DA:6,14
DA:7,14
DA:8,19894
DA:9,19894
DA:10,19894
DA:11,168742
DA:12,168742
DA:13,168742
DA:14,168742
DA:15,19880
DA:16,168742
DA:17,14
DA:18,14
DA:19,168742
DA:20,19894
DA:21,14
DA:22,14
DA:23,14
DA:24,14
DA:25,14
DA:26,1
DA:27,1
LF:27
LH:27
BRDA:4,0,0,14
BRDA:7,1,0,19894
BRDA:10,2,0,168742
BRDA:14,3,0,19880
BRDA:16,4,0,148862
BRDA:16,5,0,14
BRF:6
BRH:6
end_of_record
TN:
SF:src/index.js
FN:10,genDiff
FNF:1
FNH:1
FNDA:7,genDiff
DA:1,1
DA:2,1
DA:3,1
DA:4,1
DA:5,1
DA:6,1
DA:7,1
DA:8,1
DA:9,1
DA:10,1
DA:11,7
DA:12,7
DA:13,7
DA:14,7
DA:15,7
DA:16,7
DA:17,7
DA:18,7
DA:19,1
DA:20,1
LF:20
LH:20
BRDA:10,0,0,7
BRF:1
BRH:1
end_of_record
TN:
SF:src/parsers.js
FN:3,parse
FNF:1
FNH:1
FNDA:14,parse
DA:1,1
DA:2,1
DA:3,1
DA:4,14
DA:5,14
DA:6,8
DA:7,14
DA:8,14
DA:9,6
DA:10,14
DA:11,0
DA:12,14
DA:13,14
DA:14,1
DA:15,1
LF:15
LH:14
BRDA:3,0,0,14
BRDA:5,1,0,8
BRDA:7,2,0,6
BRDA:8,3,0,6
BRDA:10,4,0,0
BRF:5
BRH:4
end_of_record
TN:
SF:src/formaters/formatters.js
FN:5,formatter
FNF:1
FNH:1
FNDA:7,formatter
DA:1,1
DA:2,1
DA:3,1
DA:4,1
DA:5,1
DA:6,7
DA:7,7
DA:8,4
DA:9,7
DA:10,2
DA:11,7
DA:12,1
DA:13,7
DA:14,0
DA:15,0
DA:16,7
DA:17,7
DA:18,1
DA:19,1
LF:19
LH:17
BRDA:5,0,0,7
BRDA:7,1,0,4
BRDA:9,2,0,2
BRDA:11,3,0,1
BRDA:13,4,0,0
BRF:5
BRH:4
end_of_record
TN:
SF:src/formaters/json.js
FN:1,json
FNF:1
FNH:1
FNDA:1,json
DA:1,1
DA:2,1
DA:3,1
LF:3
LH:3
BRDA:1,0,0,1
BRF:1
BRH:1
end_of_record
TN:
SF:src/formaters/plain.js
FN:3,stringify
FN:9,plain
FNF:2
FNH:2
FNDA:26,stringify
FNDA:10,plain
DA:1,1
DA:2,1
DA:3,1
DA:4,26
DA:5,26
DA:6,6
DA:7,6
DA:8,1
DA:9,1
DA:10,10
DA:11,36
DA:12,36
DA:13,36
DA:14,36
DA:15,8
DA:16,36
DA:17,10
DA:18,36
DA:19,4
DA:20,36
DA:21,8
DA:22,36
DA:23,6
DA:24,36
DA:25,10
DA:26,10
DA:27,10
DA:28,1
DA:29,1
LF:29
LH:29
BRDA:3,0,0,26
BRDA:4,1,0,6
BRDA:4,2,0,20
BRDA:5,3,0,14
BRDA:5,4,0,6
BRDA:9,5,0,10
BRDA:10,6,0,36
BRDA:14,7,0,8
BRDA:16,8,0,10
BRDA:18,9,0,4
BRDA:20,10,0,8
BRDA:22,11,0,6
BRF:12
BRH:12
end_of_record
TN:
SF:src/formaters/stylish.js
FN:3,indents
FN:10,stringify
FN:19,iter
FN:47,stylish
FNF:4
FNH:4
FNDA:168,indents
FNDA:108,stringify
FNDA:20,iter
FNDA:4,stylish
DA:1,1
DA:2,1
DA:3,1
DA:4,168
DA:5,168
DA:6,168
DA:7,168
DA:8,168
DA:9,1
DA:10,1
DA:11,108
DA:12,28
DA:13,28
DA:14,28
DA:15,28
DA:16,28
DA:17,28
DA:18,1
DA:19,1
DA:20,20
DA:21,72
DA:22,72
DA:23,20
DA:24,72
DA:25,72
DA:26,8
DA:27,72
DA:28,72
DA:29,16
DA:30,72
DA:31,72
DA:32,12
DA:33,72
DA:34,72
DA:35,16
DA:36,16
DA:37,16
DA:38,16
DA:39,72
DA:40,0
DA:41,0
DA:42,72
DA:43,20
DA:44,20
DA:45,20
DA:46,1
DA:47,1
DA:48,1
DA:49,1
LF:49
LH:47
BRDA:3,0,0,168
BRDA:4,1,0,0
BRDA:10,2,0,108
BRDA:11,3,0,80
BRDA:11,4,0,28
BRDA:14,5,0,36
BRDA:19,6,0,20
BRDA:20,7,0,72
BRDA:22,8,0,20
BRDA:25,9,0,8
BRDA:28,10,0,16
BRDA:31,11,0,12
BRDA:34,12,0,16
BRDA:39,13,0,0
BRDA:47,14,0,4
BRF:15
BRH:13
end_of_record
